2025/03/23 00:00:15 Intentando conectar a la base de datos (intento 1/5)...
2025/03/23 00:00:15 Conexión a la base de datos establecida exitosamente
2025/03/23 00:00:16 Servidor iniciado en el puerto 5000
2025/03/23 00:00:34 Error al enviar correo: la contraseña de email no está configurada
2025/03/23 00:01:48 Email no encontrado o error de DB: record not found
2025/03/23 01:04:46 Error al enviar correo: la contraseña de email no está configurada
2025/03/23 01:29:23 Error al enviar correo: la contraseña de email no está configurada
2025/03/23 01:39:45 Error al enviar correo: la contraseña de email no está configurada
2025/03/23 01:44:50 Intentando conectar a la base de datos (intento 1/5)...
2025/03/23 01:44:50 Conexión a la base de datos establecida exitosamente
2025/03/23 01:44:50 Servidor iniciado en el puerto 5000
2025/03/23 03:13:39 Intentando conectar a la base de datos (intento 1/5)...
2025/03/23 03:13:39 Conexión a la base de datos establecida exitosamente
2025/03/23 03:13:39 Servidor iniciado en el puerto 5000
2025/03/23 03:13:51 Error al renderizar la plantilla de correo: open templates/EmailTemplate.js: no such file or directory
2025/03/23 03:13:51 Error al enviar correo: open templates/EmailTemplate.js: no such file or directory
2025/03/23 03:13:51 ERROR CRÍTICO: Fallo al enviar email en producción: open templates/EmailTemplate.js: no such file or directory
2025/03/23 03:14:32 Error al renderizar la plantilla de correo: open templates/EmailTemplate.js: no such file or directory
2025/03/23 03:14:32 Error al enviar correo: open templates/EmailTemplate.js: no such file or directory
2025/03/23 03:14:32 ERROR CRÍTICO: Fallo al enviar email en producción: open templates/EmailTemplate.js: no such file or directory
2025/03/23 03:15:05 Error al renderizar la plantilla de correo: open templates/EmailTemplate.js: no such file or directory
2025/03/23 03:15:05 Error al enviar correo: open templates/EmailTemplate.js: no such file or directory
2025/03/23 03:15:05 ERROR CRÍTICO: Fallo al enviar email en producción: open templates/EmailTemplate.js: no such file or directory
2025/03/23 03:20:07 Intentando conectar a la base de datos (intento 1/5)...
2025/03/23 03:20:07 Conexión a la base de datos establecida exitosamente
2025/03/23 03:20:08 Servidor iniciado en el puerto 5000
2025/03/23 03:24:02 Intentando conectar a la base de datos (intento 1/5)...
2025/03/23 03:24:02 Conexión a la base de datos establecida exitosamente
2025/03/23 03:24:02 Servidor iniciado en el puerto 5000
2025/03/23 03:31:47 Intentando conectar a la base de datos (intento 1/5)...
2025/03/23 03:31:47 Conexión a la base de datos establecida exitosamente
2025/03/23 03:31:47 Servidor iniciado en el puerto 5000
2025/03/23 03:33:19 Token inválido: token inválido o expirado
2025/03/23 03:33:19 Token inválido: token inválido o expirado
2025/03/23 03:35:04 Token inválido: token inválido o expirado
2025/03/23 03:35:04 Token inválido: token inválido o expirado
2025/03/23 13:49:45 Token inválido: token inválido o expirado
2025/03/23 13:49:45 Token inválido: token inválido o expirado
2025/03/23 15:52:09 Intentando conectar a la base de datos (intento 1/5)...
2025/03/23 15:52:09 Conexión a la base de datos establecida exitosamente
2025/03/23 15:52:09 Servidor iniciado en el puerto 5000
2025/03/23 15:58:06 Token inválido: token inválido o expirado
2025/03/23 15:58:06 Token inválido: token inválido o expirado
2025/03/23 19:04:52 Intentando conectar a la base de datos (intento 1/5)...
2025/03/23 19:04:52 Conexión a la base de datos establecida exitosamente
2025/03/23 19:04:52 Servidor iniciado en el puerto 5000
2025/03/23 19:08:27 Intentando conectar a la base de datos (intento 1/5)...
2025/03/23 19:08:27 Error al conectar a la base de datos: dial tcp [::1]:3306: connect: connection refused. Reintentando en 5 segundos...
2025/03/23 19:08:32 Intentando conectar a la base de datos (intento 2/5)...
2025/03/23 19:08:32 Error al conectar a la base de datos: dial tcp [::1]:3306: connect: connection refused. Reintentando en 5 segundos...
2025/03/23 19:08:52 Intentando conectar a la base de datos (intento 1/5)...
2025/03/23 19:08:52 Error al conectar a la base de datos: dial tcp [::1]:3306: connect: connection refused. Reintentando en 5 segundos...
2025/03/23 19:09:39 Intentando conectar a la base de datos (intento 1/5)...
2025/03/23 19:09:39 Error al conectar a la base de datos: dial tcp [::1]:3306: connect: connection refused. Reintentando en 5 segundos...
2025/03/23 19:10:09 Intentando conectar a la base de datos (intento 1/5)...
2025/03/23 19:10:09 Error al conectar a la base de datos: dial tcp [::1]:3306: connect: connection refused. Reintentando en 5 segundos...
2025/03/23 19:13:19 Intentando conectar a la base de datos (intento 1/5)...
2025/03/23 19:13:19 Conexión a la base de datos establecida exitosamente
2025/03/23 19:13:19 Servidor iniciado en el puerto 5000
2025/03/25 10:46:41 Intentando conectar a la base de datos (intento 1/5)...
2025/03/25 10:46:41 Conexión a la base de datos establecida exitosamente
2025/03/25 10:46:41 Servidor iniciado en el puerto 5000
2025/03/26 13:21:41 Intentando conectar a la base de datos (intento 1/5)...
2025/03/26 13:21:41 Conexión a la base de datos establecida exitosamente
2025/03/26 13:21:41 Servidor iniciado en el puerto 5000
2025/03/26 15:34:13 Intentando conectar a la base de datos (intento 1/5)...
2025/03/26 15:34:13 Conexión a la base de datos establecida exitosamente
2025/03/26 15:34:13 Servidor iniciado en el puerto 5000
2025/03/26 16:37:01 Intentando conectar a la base de datos (intento 1/5)...
2025/03/26 16:37:01 Conexión a la base de datos establecida exitosamente
2025/03/26 16:37:01 Servidor iniciado en el puerto 5000
2025/03/26 16:37:25 Intentando conectar a la base de datos (intento 1/5)...
2025/03/26 16:37:25 Conexión a la base de datos establecida exitosamente
2025/03/26 16:37:25 Servidor iniciado en el puerto 5000
2025/03/26 16:38:40 Intentando conectar a la base de datos (intento 1/5)...
2025/03/26 16:38:40 Conexión a la base de datos establecida exitosamente
2025/03/26 16:38:40 Servidor iniciado en el puerto 5000
2025/03/26 17:58:58 Servidor iniciado en el puerto 5000
2025/03/26 20:48:59 Servidor iniciado en el puerto 5000
2025/03/26 20:50:30 Servidor iniciado en el puerto 5000
2025/03/27 00:09:47 Intentando conectar a la base de datos (intento 1/5)...
2025/03/27 00:09:47 Conexión a la base de datos establecida exitosamente
2025/03/27 00:09:47 Servidor iniciado en el puerto 5000
2025/03/27 00:09:47 listen tcp :5000: bind: address already in use
2025/03/27 14:37:06 Intentando conectar a la base de datos (intento 1/5)...
2025/03/27 14:37:06 Conexión a la base de datos establecida exitosamente
2025/03/27 14:37:06 Servidor iniciado en el puerto 5000
2025/03/27 15:06:39 Intentando conectar a la base de datos (intento 1/5)...
2025/03/27 15:06:39 Conexión a la base de datos establecida exitosamente
2025/03/27 15:06:39 Error en la migración: Error 1005 (HY000): Can't create table `cursos_db`.`payments` (errno: 150 "Foreign key constraint is incorrectly formed")
2025/03/27 15:10:07 Intentando conectar a la base de datos (intento 1/5)...
2025/03/27 15:10:07 Conexión a la base de datos establecida exitosamente
2025/03/27 15:10:07 Error en la migración: Error 1832 (HY000): Cannot change column 'user_id': used in a foreign key constraint 'payments_ibfk_1'
2025/03/27 15:28:46 Intentando conectar a la base de datos (intento 1/5)...
2025/03/27 15:28:46 Conexión a la base de datos establecida exitosamente
2025/03/27 15:28:46 Servidor iniciado en el puerto 5000
2025/03/27 15:30:16 Intentando conectar a la base de datos (intento 1/5)...
2025/03/27 15:30:16 Conexión a la base de datos establecida exitosamente
2025/03/27 15:30:16 Servidor iniciado en el puerto 5000
2025/03/27 15:30:24 Email no encontrado o error de DB: record not found
2025/03/27 15:34:43 Intentando conectar a la base de datos (intento 1/5)...
2025/03/27 15:34:43 Conexión a la base de datos establecida exitosamente
2025/03/27 15:34:43 Servidor iniciado en el puerto 5000
2025/03/27 15:35:20 Intentando conectar a la base de datos (intento 1/5)...
2025/03/27 15:35:20 Conexión a la base de datos establecida exitosamente
2025/03/27 15:35:20 Servidor iniciado en el puerto 5000
2025/03/27 15:51:00 Intentando conectar a la base de datos (intento 1/5)...
2025/03/27 15:51:00 Conexión a la base de datos establecida exitosamente
2025/03/27 15:51:00 Servidor iniciado en el puerto 5000
2025/03/27 16:15:57 Intentando conectar a la base de datos (intento 1/5)...
2025/03/27 16:15:57 Conexión a la base de datos establecida exitosamente
2025/03/27 16:15:57 Servidor iniciado en el puerto 5000
2025/03/28 12:13:49 Intentando conectar a la base de datos (intento 1/5)...
2025/03/28 12:13:49 Conexión a la base de datos establecida exitosamente
2025/03/28 12:13:51 Configuración SMTP verificada correctamente
2025/03/28 12:13:51 Servidor iniciado en el puerto 5000
2025/03/28 12:14:11 Error al enviar correo de contacto: error al enviar correo: gomail: could not send email 1: gomail: invalid address "": mail: no address
2025/03/28 12:15:21 Intentando conectar a la base de datos (intento 1/5)...
2025/03/28 12:15:21 Conexión a la base de datos establecida exitosamente
2025/03/28 12:15:22 Configuración SMTP verificada correctamente
2025/03/28 12:15:22 Servidor iniciado en el puerto 5000
2025/03/28 12:15:30 Error al enviar correo de contacto: error al enviar correo: gomail: could not send email 1: gomail: invalid address "": mail: no address
2025/03/28 12:17:10 Intentando conectar a la base de datos (intento 1/5)...
2025/03/28 12:17:10 Conexión a la base de datos establecida exitosamente
2025/03/28 12:17:12 Configuración SMTP verificada correctamente
2025/03/28 12:17:12 Servidor iniciado en el puerto 5000
2025/03/28 12:17:17 Error al enviar correo de contacto: error al enviar correo: gomail: could not send email 1: gomail: invalid address "": mail: no address
2025/03/28 13:30:26 Intentando conectar a la base de datos (intento 1/5)...
2025/03/28 13:30:27 Conexión a la base de datos establecida exitosamente
2025/03/28 13:30:27 Servidor iniciado en el puerto 5000
2025/03/28 13:36:57 Intentando conectar a la base de datos (intento 1/5)...
2025/03/28 13:36:57 Conexión a la base de datos establecida exitosamente
2025/03/28 13:36:57 Servidor iniciado en el puerto 5000
2025/03/28 13:40:13 Intentando conectar a la base de datos (intento 1/5)...
2025/03/28 13:40:13 Conexión a la base de datos establecida exitosamente
2025/03/28 13:40:13 Servidor iniciado en el puerto 5000
2025/03/28 13:44:11 Intentando conectar a la base de datos (intento 1/5)...
2025/03/28 13:44:11 Conexión a la base de datos establecida exitosamente
2025/03/28 13:44:25 Intentando conectar a la base de datos (intento 1/5)...
2025/03/28 13:44:25 Conexión a la base de datos establecida exitosamente
2025/03/28 13:53:31 Intentando conectar a la base de datos (intento 1/5)...
2025/03/28 13:53:31 Conexión a la base de datos establecida exitosamente
2025/03/28 13:53:31 Servidor iniciado en el puerto 5000
2025/03/28 13:53:36 Iniciando procesamiento de formulario de contacto...
2025/03/28 13:53:36 Datos recibidos: {Name:marcelo nelson Email:marcelinho.nelson@gmail.com Phone:1212122 Message:hola}
2025/03/28 13:53:38 Error al enviar correo: 535 5.7.8 Username and Password not accepted. For more information, go to
5.7.8  https://support.google.com/mail/?p=BadCredentials d9443c01a7336-2291eeca20esm20782445ad.51 - gsmtp
2025/03/28 13:57:10 Intentando conectar a la base de datos (intento 1/5)...
2025/03/28 13:57:10 Conexión a la base de datos establecida exitosamente
2025/03/28 13:57:10 Servidor iniciado en el puerto 5000
2025/03/28 13:57:14 Iniciando procesamiento de formulario de contacto...
2025/03/28 13:57:14 Datos recibidos: {Name:marcelo nelson Email:marcelinho.nelson@gmail.com Phone:1212122 Message:hola}
2025/03/28 13:57:16 Error al enviar correo: 535 5.7.8 Username and Password not accepted. For more information, go to
5.7.8  https://support.google.com/mail/?p=BadCredentials d9443c01a7336-2291f1f5738sm20474445ad.242 - gsmtp
2025/03/28 13:58:40 Intentando conectar a la base de datos (intento 1/5)...
2025/03/28 13:58:40 Conexión a la base de datos establecida exitosamente
2025/03/28 13:58:40 Servidor iniciado en el puerto 5000
2025/03/28 13:58:45 Iniciando procesamiento de formulario de contacto...
2025/03/28 13:58:45 Datos recibidos: {Name:marcelo nelson Email:marcelinho.nelson@gmail.com Phone:1212122 Message:hola}
2025/03/28 13:58:47 Error al enviar correo: 535 5.7.8 Username and Password not accepted. For more information, go to
5.7.8  https://support.google.com/mail/?p=BadCredentials 98e67ed59e1d1-3039f1d4b6asm4451928a91.38 - gsmtp
2025/03/28 14:03:30 Intentando conectar a la base de datos (intento 1/5)...
2025/03/28 14:03:30 Conexión a la base de datos establecida exitosamente
2025/03/28 14:03:30 Servidor iniciado en el puerto 5000
2025/03/28 14:03:37 Iniciando procesamiento de formulario de contacto...
2025/03/28 14:03:37 Datos recibidos: {Name:marcelo nelson Email:marcelinho.nelson@gmail.com Phone:1212122 Message:hola}
2025/03/28 14:03:39 Error al enviar correo: 535 5.7.8 Username and Password not accepted. For more information, go to
5.7.8  https://support.google.com/mail/?p=BadCredentials d2e1a72fcca58-73970e51a4asm2034651b3a.81 - gsmtp
2025/03/28 14:03:52 Error SMTP: 535 5.7.8 Username and Password not accepted. For more information, go to
5.7.8  https://support.google.com/mail/?p=BadCredentials 41be03b00d2f7-af93b69d9a4sm1892442a12.27 - gsmtp
2025/03/28 14:03:52 Error al enviar correo: 535 5.7.8 Username and Password not accepted. For more information, go to
5.7.8  https://support.google.com/mail/?p=BadCredentials 41be03b00d2f7-af93b69d9a4sm1892442a12.27 - gsmtp
2025/03/28 14:03:52 ERROR CRÍTICO: Fallo al enviar email en producción: 535 5.7.8 Username and Password not accepted. For more information, go to
5.7.8  https://support.google.com/mail/?p=BadCredentials 41be03b00d2f7-af93b69d9a4sm1892442a12.27 - gsmtp
2025/03/28 14:05:10 Intentando conectar a la base de datos (intento 1/5)...
2025/03/28 14:05:10 Conexión a la base de datos establecida exitosamente
2025/03/28 14:05:10 Servidor iniciado en el puerto 5000
2025/03/28 14:06:18 Iniciando procesamiento de formulario de contacto...
2025/03/28 14:06:18 Datos recibidos: {Name:wdwdwd Email:marcelinho.nelson@gmail.com Phone: Message:holaaaa}
2025/03/28 14:06:20 Error al enviar correo: 535 5.7.8 Username and Password not accepted. For more information, go to
5.7.8  https://support.google.com/mail/?p=BadCredentials d2e1a72fcca58-73970e1d922sm2038909b3a.37 - gsmtp
2025/03/28 15:09:38 Conectando a la base de datos (intento 1/5)...
2025/03/28 15:09:38 Iniciando servidor en puerto 5000
2025/03/28 15:18:41 Conectando a la base de datos (intento 1/5)...
2025/03/28 15:18:41 Iniciando servidor en puerto 5000
2025/03/28 16:12:31 Conectando a la base de datos (intento 1/5)...
2025/03/28 16:12:31 Iniciando servidor en puerto 5000
2025/03/28 16:16:21 Conectando a la base de datos (intento 1/5)...
2025/03/28 16:16:21 Iniciando servidor en puerto 5000
2025/03/28 16:17:50 Conectando a la base de datos (intento 1/5)...
2025/03/28 16:17:50 Iniciando servidor en puerto 5000
2025/03/28 16:19:24 Error enviando email: dial tcp: lookup smtp.gmail.com on 8.8.8.8:53: read udp 10.101.7.196:41803->8.8.8.8:53: i/o timeout
2025/03/28 16:19:32 Conectando a la base de datos (intento 1/5)...
2025/03/28 16:19:32 Iniciando servidor en puerto 5000
2025/03/28 16:23:51 Conectando a la base de datos (intento 1/5)...
2025/03/28 16:23:51 Iniciando servidor en puerto 5000
2025/03/28 16:29:39 Conectando a la base de datos (intento 1/5)...
2025/03/28 16:29:39 Iniciando servidor en puerto 5000
2025/03/28 16:33:59 Token inválido: token inválido o expirado
2025/03/28 16:33:59 Token inválido: token inválido o expirado
2025/04/01 14:56:38 Conectando a la base de datos (intento 1/5)...
2025/04/01 14:56:39 Iniciando servidor en puerto 5000
2025/04/01 14:59:36 Conectando a la base de datos (intento 1/5)...
2025/04/01 14:59:36 Iniciando servidor en puerto 5000
2025/04/01 16:03:35 Conectando a la base de datos (intento 1/5)...
2025/04/01 16:03:35 Iniciando servidor en puerto 5000
2025/04/01 16:05:37 Error SMTP: dial tcp: lookup smtp.gmail.com on 8.8.8.8:53: read udp 10.101.7.196:56477->8.8.8.8:53: i/o timeout
2025/04/01 16:05:37 Error al enviar correo: dial tcp: lookup smtp.gmail.com on 8.8.8.8:53: read udp 10.101.7.196:56477->8.8.8.8:53: i/o timeout
2025/04/01 16:05:37 ERROR CRÍTICO: Fallo al enviar email en producción: dial tcp: lookup smtp.gmail.com on 8.8.8.8:53: read udp 10.101.7.196:56477->8.8.8.8:53: i/o timeout
2025/04/01 16:28:36 Conectando a la base de datos (intento 1/5)...
2025/04/01 16:28:36 Error al configurar la base de datos: Error 1832 (HY000): Cannot change column 'usuario_id': used in a foreign key constraint 'fk_pago_usuario'
2025/04/01 16:40:24 Conectando a la base de datos (intento 1/5)...
2025/04/01 16:40:24 Error al configurar la base de datos: error al migrar tabla Pago: Error 1832 (HY000): Cannot change column 'usuario_id': used in a foreign key constraint 'fk_pago_usuario'
2025/04/01 16:58:18 Conectando a la base de datos (intento 1/5)...
2025/04/01 16:58:18 Error al configurar la base de datos: error al migrar tabla Pago: Error 1832 (HY000): Cannot change column 'usuario_id': used in a foreign key constraint 'fk_pago_usuario'
2025/04/01 16:58:42 Conectando a la base de datos (intento 1/5)...
2025/04/01 16:58:42 Error al configurar la base de datos: error al migrar tabla Pago: Error 1832 (HY000): Cannot change column 'usuario_id': used in a foreign key constraint 'fk_pago_usuario'
2025/04/01 17:01:22 Conectando a la base de datos (intento 1/5)...
2025/04/01 17:01:22 Error al configurar la base de datos: error al migrar tabla Pago: Error 1832 (HY000): Cannot change column 'usuario_id': used in a foreign key constraint 'fk_pago_usuario'
2025/04/01 17:12:09 Conectando a la base de datos (intento 1/5)...
2025/04/01 17:12:09 Error al configurar la base de datos: error al migrar tablas: Error 1832 (HY000): Cannot change column 'usuario_id': used in a foreign key constraint 'fk_pago_usuario'
2025/04/01 17:12:36 Conectando a la base de datos (intento 1/5)...
2025/04/01 17:12:36 Iniciando servidor en puerto 5000
2025/04/01 17:36:31 Conectando a la base de datos (intento 1/5)...
2025/04/01 17:36:31 Error al configurar la base de datos: error al migrar tablas: Error 1832 (HY000): Cannot change column 'usuario_id': used in a foreign key constraint 'fk_pagos_usuario'
2025/04/01 17:37:20 Conectando a la base de datos (intento 1/5)...
2025/04/01 17:37:20 Iniciando servidor en puerto 5000
2025/04/01 17:42:49 Conectando a la base de datos (intento 1/5)...
2025/04/01 17:42:49 Iniciando servidor en puerto 5000
2025/04/01 17:46:02 Conectando a la base de datos (intento 1/5)...
2025/04/01 17:46:02 Iniciando servidor en puerto 5000
2025/04/01 17:47:38 Conectando a la base de datos (intento 1/5)...
2025/04/01 17:47:39 Conexión a la base de datos establecida correctamente
2025/04/01 17:47:39 Iniciando servidor en puerto 5000
2025/04/01 18:54:04 Conectando a la base de datos (intento 1/5)...
2025/04/01 18:54:05 Conexión a la base de datos establecida correctamente
2025/04/01 18:54:05 Iniciando servidor en puerto 5000
2025/04/01 19:02:13 Conectando a la base de datos (intento 1/5)...
2025/04/01 19:02:14 Conexión a la base de datos establecida correctamente
2025/04/01 19:02:14 Iniciando servidor en puerto 5000
2025/04/01 19:12:49 Conectando a la base de datos (intento 1/5)...
2025/04/01 19:12:49 Conexión a la base de datos establecida correctamente
2025/04/01 19:12:49 Iniciando servidor en puerto 5000
2025/04/01 19:22:47 Conectando a la base de datos (intento 1/5)...
2025/04/01 19:22:47 Conexión a la base de datos establecida correctamente
2025/04/01 19:22:47 Iniciando servidor en puerto 5000
2025/04/01 19:28:38 Conectando a la base de datos (intento 1/5)...
2025/04/01 19:28:38 Conexión a la base de datos establecida correctamente
2025/04/01 19:28:38 Iniciando servidor en puerto 5000
2025/04/01 19:46:03 Conectando a la base de datos (intento 1/5)...
2025/04/01 19:46:03 Error al configurar la base de datos: error en migración: error al migrar tablas: Error 1832 (HY000): Cannot change column 'usuario_id': used in a foreign key constraint 'fk_pagos_usuario'
2025/04/01 19:46:51 Conectando a la base de datos (intento 1/5)...
2025/04/01 19:46:51 Error al configurar la base de datos: error en migración: error al migrar tablas: Error 1832 (HY000): Cannot change column 'usuario_id': used in a foreign key constraint 'fk_pagos_usuario'
2025/04/01 19:59:51 Conectando a la base de datos (intento 1/5)...
2025/04/01 19:59:51 Error al configurar la base de datos: error en migración: error al migrar tablas: Error 1832 (HY000): Cannot change column 'usuario_id': used in a foreign key constraint 'pagos_ibfk_1'
2025/04/01 20:31:23 Conectando a la base de datos (intento 1/5)...
2025/04/01 20:31:23 Error al configurar la base de datos: error en migración: error al crear constraint: Error 1822 (HY000): Failed to add the foreign key constraint. Missing index for constraint 'fk_pagos_usuario' in the referenced table 'usuarios'
2025/04/01 20:32:16 Conectando a la base de datos (intento 1/5)...
2025/04/01 20:32:16 Error al configurar la base de datos: error en migración: error al crear constraint: Error 1822 (HY000): Failed to add the foreign key constraint. Missing index for constraint 'fk_pagos_usuario' in the referenced table 'usuarios'
2025/04/01 20:37:21 Conectando a la base de datos (intento 1/5)...
2025/04/01 20:37:21 Error al configurar la base de datos: error en migración: error al crear constraint: Error 1826 (HY000): Duplicate FOREIGN KEY constraint name 'cursos_db/fk_pagos_usuario'
2025/04/01 20:39:38 Conectando a la base de datos (intento 1/5)...
2025/04/01 20:39:39 Error al configurar la base de datos: error en migración: error al crear constraint: Error 1826 (HY000): Duplicate FOREIGN KEY constraint name 'cursos_db/fk_pagos_usuario'
2025/04/01 20:41:55 Conectando a la base de datos (intento 1/5)...
2025/04/01 20:41:55 Error al configurar la base de datos: error en migración: error al crear constraint: Error 1826 (HY000): Duplicate FOREIGN KEY constraint name 'cursos_db/fk_pagos_usuario'
2025/04/01 20:48:31 Conectando a la base de datos (intento 1/5)...
2025/04/01 20:48:31 Advertencia: No se pudo eliminar constraint cursos_db/fk_pagos_usuario: Error 1064 (42000): You have an error in your SQL syntax; check the manual that corresponds to your MariaDB server version for the right syntax to use near '/fk_pagos_usuario' at line 1
2025/04/01 20:48:31 Conexión a la base de datos establecida correctamente
2025/04/01 20:48:31 Iniciando servidor en puerto 5000
2025/04/01 20:49:46 Conectando a la base de datos (intento 1/5)...
2025/04/01 20:49:46 Conexión a la base de datos establecida correctamente
2025/04/01 20:49:46 Iniciando servidor en puerto 5000
2025/04/01 20:54:37 Conectando a la base de datos (intento 1/5)...
2025/04/01 20:54:37 Advertencia: No se pudo eliminar constraint cursos_db/fk_pagos_usuario: Error 1064 (42000): You have an error in your SQL syntax; check the manual that corresponds to your MariaDB server version for the right syntax to use near '/fk_pagos_usuario' at line 1
2025/04/01 20:54:37 Conexión a la base de datos establecida correctamente
2025/04/01 20:54:37 Iniciando servidor en puerto 5000
2025/04/01 20:55:04 Conectando a la base de datos (intento 1/5)...
2025/04/01 20:55:04 Conexión a la base de datos establecida correctamente
2025/04/01 20:55:04 Iniciando servidor en puerto 5000
2025/04/01 20:55:36 Conectando a la base de datos (intento 1/5)...
2025/04/01 20:55:36 Error al configurar la base de datos: error en migración: error al crear foreign key para usuario: Error 1826 (HY000): Duplicate FOREIGN KEY constraint name 'cursos_db/fk_pagos_usuario'
2025/04/01 20:56:04 Conectando a la base de datos (intento 1/5)...
2025/04/01 20:56:04 Conexión a la base de datos establecida correctamente
2025/04/01 20:56:04 Iniciando servidor en puerto 5000
2025/04/01 20:57:50 Conectando a la base de datos (intento 1/5)...
2025/04/01 20:57:50 Error al configurar la base de datos: error en migración: error al crear constraint: Error 1826 (HY000): Duplicate FOREIGN KEY constraint name 'cursos_db/fk_pagos_usuario'
2025/04/01 20:58:18 Conectando a la base de datos (intento 1/5)...
2025/04/01 20:58:18 Conexión a la base de datos establecida correctamente
2025/04/01 20:58:18 Iniciando servidor en puerto 5000
2025/04/01 21:05:10 Conectando a la base de datos (intento 1/5)...
2025/04/01 21:05:10 Conexión a la base de datos establecida correctamente
2025/04/01 21:05:10 Iniciando servidor en puerto 5000
2025/04/01 21:11:47 Conectando a la base de datos (intento 1/5)...
2025/04/01 21:11:48 Conexión a la base de datos establecida correctamente
2025/04/01 21:11:48 Iniciando servidor en puerto 5000
2025/04/02 01:37:41 Conectando a la base de datos (intento 1/5)...
2025/04/02 01:37:41 Conexión a la base de datos establecida correctamente
2025/04/02 01:37:41 Iniciando servidor en puerto 5000
2025/04/02 03:23:42 Conectando a la base de datos (intento 1/5)...
2025/04/02 03:23:44 Conexión a la base de datos establecida correctamente
2025/04/02 03:23:44 Iniciando servidor en puerto 5000
2025/04/02 03:24:30 Conectando a la base de datos (intento 1/5)...
2025/04/02 03:24:30 Conexión a la base de datos establecida correctamente
2025/04/02 03:24:30 Iniciando servidor en puerto 5000
2025/04/02 03:31:57 Verificando pago para curso ID: 1, usuario ID: 3
2025/04/02 03:32:58 Conectando a la base de datos (intento 1/5)...
2025/04/02 03:32:58 Conexión a la base de datos establecida correctamente
2025/04/02 03:32:58 Iniciando servidor en puerto 5000
2025/04/02 03:33:58 Solicitud de pago recibida: {CursoID:1 Monto:29.99 Metodo:transferencia DetallesTarjeta:<nil>}
2025/04/02 03:34:00 Verificando pago para curso ID: 1, usuario ID: 3
2025/04/02 03:34:00 Enviando respuesta: map[estado:pendiente pago:{ID:1 UsuarioID:3 CursoID:1 Monto:29.99 Metodo:transferencia Estado:pendiente TransaccionID: CreatedAt:2025-04-02 03:33:58.776 -0300 -03 UpdatedAt:2025-04-02 03:33:58.776 -0300 -03} success:true]
2025/04/02 03:34:01 Pago ID 1 actualizado a estado: aprobado
2025/04/02 03:34:03 Solicitud de pago recibida: {CursoID:1 Monto:29.99 Metodo:transferencia DetallesTarjeta:<nil>}
2025/04/02 03:34:05 Verificando pago para curso ID: 1, usuario ID: 3
2025/04/02 03:34:05 Enviando respuesta: map[estado:aprobado pago:{ID:1 UsuarioID:3 CursoID:1 Monto:29.99 Metodo:transferencia Estado:aprobado TransaccionID:trf_1743575641_4077 CreatedAt:2025-04-02 03:33:58.776 -0300 -03 UpdatedAt:2025-04-02 03:34:01.792 -0300 -03} success:true]
2025/04/02 03:34:56 Conectando a la base de datos (intento 1/5)...
2025/04/02 03:34:56 Conexión a la base de datos establecida correctamente
2025/04/02 03:34:56 Iniciando servidor en puerto 5000
2025/04/02 03:35:07 Verificando pago para curso ID: 1, usuario ID: 3
2025/04/02 03:35:07 Enviando respuesta: map[estado:aprobado pago:{ID:1 UsuarioID:3 CursoID:1 Monto:29.99 Metodo:transferencia Estado:aprobado TransaccionID:trf_1743575641_4077 CreatedAt:2025-04-02 03:33:58.776 -0300 -03 UpdatedAt:2025-04-02 03:34:01.792 -0300 -03} success:true]
2025/04/02 03:35:11 Solicitud de pago recibida: {CursoID:1 Monto:29.99 Metodo:transferencia DetallesTarjeta:<nil>}
2025/04/02 03:35:14 Verificando pago para curso ID: 1, usuario ID: 3
2025/04/02 03:35:14 Enviando respuesta: map[estado:aprobado pago:{ID:1 UsuarioID:3 CursoID:1 Monto:29.99 Metodo:transferencia Estado:aprobado TransaccionID:trf_1743575641_4077 CreatedAt:2025-04-02 03:33:58.776 -0300 -03 UpdatedAt:2025-04-02 03:34:01.792 -0300 -03} success:true]
2025/04/02 03:35:18 Solicitud de pago recibida: {CursoID:1 Monto:29.99 Metodo:paypal DetallesTarjeta:<nil>}
2025/04/02 03:35:20 Verificando pago para curso ID: 1, usuario ID: 3
2025/04/02 03:35:20 Enviando respuesta: map[estado:aprobado pago:{ID:1 UsuarioID:3 CursoID:1 Monto:29.99 Metodo:transferencia Estado:aprobado TransaccionID:trf_1743575641_4077 CreatedAt:2025-04-02 03:33:58.776 -0300 -03 UpdatedAt:2025-04-02 03:34:01.792 -0300 -03} success:true]
2025/04/02 03:37:00 Solicitud de pago recibida: {CursoID:1 Monto:29.99 Metodo:transferencia DetallesTarjeta:<nil>}
2025/04/02 03:37:02 Verificando pago para curso ID: 1, usuario ID: 3
2025/04/02 03:37:02 Enviando respuesta: map[estado:aprobado pago:{ID:1 UsuarioID:3 CursoID:1 Monto:29.99 Metodo:transferencia Estado:aprobado TransaccionID:trf_1743575641_4077 CreatedAt:2025-04-02 03:33:58.776 -0300 -03 UpdatedAt:2025-04-02 03:34:01.792 -0300 -03} success:true]
2025/04/02 03:37:08 Solicitud de pago recibida: {CursoID:1 Monto:29.99 Metodo:transferencia DetallesTarjeta:<nil>}
2025/04/02 03:37:10 Verificando pago para curso ID: 1, usuario ID: 3
2025/04/02 03:37:10 Enviando respuesta: map[estado:aprobado pago:{ID:1 UsuarioID:3 CursoID:1 Monto:29.99 Metodo:transferencia Estado:aprobado TransaccionID:trf_1743575641_4077 CreatedAt:2025-04-02 03:33:58.776 -0300 -03 UpdatedAt:2025-04-02 03:34:01.792 -0300 -03} success:true]
2025/04/02 03:38:23 Verificando pago para curso ID: 1, usuario ID: 3
2025/04/02 03:38:23 Enviando respuesta: map[estado:aprobado pago:{ID:1 UsuarioID:3 CursoID:1 Monto:29.99 Metodo:transferencia Estado:aprobado TransaccionID:trf_1743575641_4077 CreatedAt:2025-04-02 03:33:58.776 -0300 -03 UpdatedAt:2025-04-02 03:34:01.792 -0300 -03} success:true]
2025/04/02 03:38:25 Solicitud de pago recibida: {CursoID:1 Monto:29.99 Metodo:transferencia DetallesTarjeta:<nil>}
2025/04/02 03:38:27 Verificando pago para curso ID: 1, usuario ID: 3
2025/04/02 03:38:27 Enviando respuesta: map[estado:aprobado pago:{ID:1 UsuarioID:3 CursoID:1 Monto:29.99 Metodo:transferencia Estado:aprobado TransaccionID:trf_1743575641_4077 CreatedAt:2025-04-02 03:33:58.776 -0300 -03 UpdatedAt:2025-04-02 03:34:01.792 -0300 -03} success:true]
2025/04/02 03:38:37 Verificando pago para curso ID: 1, usuario ID: 3
2025/04/02 03:38:37 Enviando respuesta: map[estado:aprobado pago:{ID:1 UsuarioID:3 CursoID:1 Monto:29.99 Metodo:transferencia Estado:aprobado TransaccionID:trf_1743575641_4077 CreatedAt:2025-04-02 03:33:58.776 -0300 -03 UpdatedAt:2025-04-02 03:34:01.792 -0300 -03} success:true]
2025/04/02 03:38:46 Verificando pago para curso ID: 1, usuario ID: 3
2025/04/02 03:38:46 Enviando respuesta: map[estado:aprobado pago:{ID:1 UsuarioID:3 CursoID:1 Monto:29.99 Metodo:transferencia Estado:aprobado TransaccionID:trf_1743575641_4077 CreatedAt:2025-04-02 03:33:58.776 -0300 -03 UpdatedAt:2025-04-02 03:34:01.792 -0300 -03} success:true]
2025/04/02 03:43:54 Conectando a la base de datos (intento 1/5)...
2025/04/02 03:43:56 Conexión a la base de datos establecida correctamente
2025/04/02 03:43:56 Iniciando servidor en puerto 5000
2025/04/02 03:47:26 Conectando a la base de datos (intento 1/5)...
2025/04/02 03:47:28 Conexión a la base de datos establecida correctamente
2025/04/02 03:47:28 Iniciando servidor en puerto 5000
2025/04/02 03:50:06 Conectando a la base de datos (intento 1/5)...
2025/04/02 03:50:06 Conexión a la base de datos establecida correctamente
2025/04/02 03:50:06 Configurando CORS para permitir origen: http://localhost:3000
2025/04/02 03:50:06 Iniciando servidor en puerto 5000
2025/04/02 03:50:19 Verificando pago para curso ID: 1, usuario ID: 3
2025/04/02 03:50:19 Enviando respuesta: map[estado:aprobado pago:{ID:1 UsuarioID:3 CursoID:1 Monto:29.99 Metodo:transferencia Estado:aprobado TransaccionID:trf_1743575641_4077 CreatedAt:2025-04-02 03:33:58.776 -0300 -03 UpdatedAt:2025-04-02 03:34:01.792 -0300 -03} success:true]
2025/04/02 03:50:46 Verificando pago para curso ID: 1, usuario ID: 4
2025/04/02 03:50:46 Enviando respuesta: map[estado:no_pagado message:No se encontró pago para este curso success:true]
2025/04/02 03:50:52 Solicitud de pago recibida: {CursoID:1 Monto:29.99 Metodo:paypal DetallesTarjeta:<nil>}
2025/04/02 03:50:54 Verificando pago para curso ID: 1, usuario ID: 4
2025/04/02 03:50:54 Enviando respuesta: map[estado:pendiente pago:{ID:2 UsuarioID:4 CursoID:1 Monto:29.99 Metodo:paypal Estado:pendiente TransaccionID: CreatedAt:2025-04-02 03:50:52.016 -0300 -03 UpdatedAt:2025-04-02 03:50:52.016 -0300 -03} success:true]
2025/04/02 03:50:55 Pago ID 2 actualizado a estado: aprobado
2025/04/02 03:50:56 Verificando pago para curso ID: 1, usuario ID: 4
2025/04/02 03:50:56 Enviando respuesta: map[estado:aprobado pago:{ID:2 UsuarioID:4 CursoID:1 Monto:29.99 Metodo:paypal Estado:aprobado TransaccionID:pp_1743576655_6841 CreatedAt:2025-04-02 03:50:52.016 -0300 -03 UpdatedAt:2025-04-02 03:50:55.028 -0300 -03} success:true]
2025/04/02 03:53:13 Conectando a la base de datos (intento 1/5)...
2025/04/02 03:53:14 Conexión a la base de datos establecida correctamente
2025/04/02 03:53:14 Configurando CORS para permitir origen: http://localhost:3000
2025/04/02 03:53:14 Iniciando servidor en puerto 5000
2025/04/02 03:53:43 Verificando pago para curso ID: 1, usuario ID: 4
2025/04/02 03:54:34 Verificando pago para curso ID: 1, usuario ID: 4
2025/04/02 03:54:40 Verificando pago para curso ID: 1, usuario ID: 4
2025/04/02 03:55:19 Verificando pago para curso ID: 1, usuario ID: 6
2025/04/02 03:55:24 Solicitud de pago recibida: {CursoID:1 Monto:29.99 Metodo:paypal DetallesTarjeta:<nil>}
2025/04/02 03:55:26 Verificando pago para curso ID: 1, usuario ID: 6
2025/04/02 03:55:27 Pago ID 3 actualizado a estado: aprobado
2025/04/02 03:55:28 Verificando pago para curso ID: 1, usuario ID: 6
2025/04/02 03:56:14 Verificando pago para curso ID: 1, usuario ID: 6
2025/04/02 03:57:10 Conectando a la base de datos (intento 1/5)...
2025/04/02 03:57:11 Conexión a la base de datos establecida correctamente
2025/04/02 03:57:11 Configurando CORS para permitir origen: http://localhost:3000
2025/04/02 03:57:11 Iniciando servidor en puerto 5000
2025/04/02 03:58:51 Verificando pago para curso ID: 1, usuario ID: 6
2025/04/02 04:01:03 Verificando pago para curso ID: 1, usuario ID: 6
2025/04/02 04:14:19 Conectando a la base de datos (intento 1/5)...
2025/04/02 04:14:19 Conexión a la base de datos establecida correctamente
2025/04/02 04:14:19 Configurando CORS para permitir origen: http://localhost:3000
2025/04/02 04:14:19 Iniciando servidor en puerto 5000
2025/04/02 04:14:39 Verificando pago para curso ID: 1, usuario ID: 7
2025/04/02 04:15:03 Solicitud de pago recibida: {CursoID:1 Monto:29.99 Metodo:transferencia DetallesTarjeta:<nil>}
2025/04/02 04:15:05 Verificando pago para curso ID: 1, usuario ID: 7
2025/04/02 04:15:06 Pago ID 4 actualizado a estado: aprobado
2025/04/02 04:15:07 Verificando pago para curso ID: 1, usuario ID: 7
2025/04/02 04:20:36 Verificando pago para curso ID: 1, usuario ID: 7
2025/04/02 05:02:45 Conectando a la base de datos (intento 1/5)...
2025/04/02 05:02:45 Conexión a la base de datos establecida correctamente
2025/04/02 05:02:45 Configurando CORS para permitir origen: http://localhost:3000
2025/04/02 05:02:45 Iniciando servidor en puerto 5000
2025/04/02 05:02:48 Verificando pago para curso ID: 1, usuario ID: 3
2025/04/02 05:09:14 Verificando pago para curso ID: 1, usuario ID: 3
2025/04/02 05:41:59 Verificando pago para curso ID: 1, usuario ID: 3
2025/04/03 14:50:59 Conectando a la base de datos (intento 1/5)...
2025/04/03 14:50:59 Conexión a la base de datos establecida correctamente
2025/04/03 14:50:59 Configurando CORS para permitir origen: http://localhost:3000
2025/04/03 14:50:59 Iniciando servidor en puerto 5000
2025/04/03 14:51:30 Verificando pago para curso ID: 1, usuario ID: 3
